# JRE version: OpenJDK Runtime Environment 18.9 (11.0.9+11) (build 11.0.9+11)
# Java VM: OpenJDK 64-Bit Server VM 18.9 (11.0.9+11, mixed mode, sharing, tiered, compressed oops, g1 gc, linux-amd64)
Heap:
 garbage-first heap   total 293888K, used 125086K [0x0000000080000000, 0x0000000100000000)
  region size 1024K, 13 young (13312K), 3 survivors (3072K)
 Metaspace       used 132385K, capacity 136339K, committed 142548K, reserved 1173504K
  class space    used 16312K, capacity 17746K, committed 19044K, reserved 1048576K
GC Heap History (20 events):
Event: 17241.196 GC heap before
{Heap before GC invocations=182 (full 1):
 garbage-first heap   total 293888K, used 179960K [0x0000000080000000, 0x0000000100000000)
  region size 1024K, 44 young (45056K), 5 survivors (5120K)
 Metaspace       used 135758K, capacity 140563K, committed 142548K, reserved 1173504K
  class space    used 16826K, capacity 18476K, committed 19044K, reserved 1048576K
}
Event: 17241.204 GC heap after
{Heap after GC invocations=183 (full 1):
 garbage-first heap   total 293888K, used 142824K [0x0000000080000000, 0x0000000100000000)
  region size 1024K, 2 young (2048K), 2 survivors (2048K)
 Metaspace       used 135758K, capacity 140563K, committed 142548K, reserved 1173504K
  class space    used 16826K, capacity 18476K, committed 19044K, reserved 1048576K
}
Event: 17243.395 GC heap before
{Heap before GC invocations=184 (full 1):
 garbage-first heap   total 293888K, used 208360K [0x0000000080000000, 0x0000000100000000)
  region size 1024K, 67 young (68608K), 2 survivors (2048K)
 Metaspace       used 135782K, capacity 140587K, committed 142548K, reserved 1173504K
  class space    used 16829K, capacity 18481K, committed 19044K, reserved 1048576K
}
Event: 17243.401 GC heap after
{Heap after GC invocations=185 (full 1):
 garbage-first heap   total 293888K, used 143719K [0x0000000080000000, 0x0000000100000000)
  region size 1024K, 3 young (3072K), 3 survivors (3072K)
 Metaspace       used 135782K, capacity 140587K, committed 142548K, reserved 1173504K
  class space    used 16829K, capacity 18481K, committed 19044K, reserved 1048576K
}
Event: 17243.451 GC heap before
{Heap before GC invocations=185 (full 1):
 garbage-first heap   total 293888K, used 153959K [0x0000000080000000, 0x0000000100000000)
  region size 1024K, 14 young (14336K), 3 survivors (3072K)
 Metaspace       used 135793K, capacity 140587K, committed 142548K, reserved 1173504K
  class space    used 16829K, capacity 18481K, committed 19044K, reserved 1048576K
}
Event: 17243.459 GC heap after
{Heap after GC invocations=186 (full 1):
 garbage-first heap   total 293888K, used 123226K [0x0000000080000000, 0x0000000100000000)
  region size 1024K, 1 young (1024K), 1 survivors (1024K)
 Metaspace       used 135793K, capacity 140587K, committed 142548K, reserved 1173504K
  class space    used 16829K, capacity 18481K, committed 19044K, reserved 1048576K
}
Event: 17243.479 GC heap before
{Heap before GC invocations=186 (full 1):
 garbage-first heap   total 293888K, used 125274K [0x0000000080000000, 0x0000000100000000)
  region size 1024K, 4 young (4096K), 1 survivors (1024K)
 Metaspace       used 135803K, capacity 140587K, committed 142548K, reserved 1173504K
  class space    used 16829K, capacity 18481K, committed 19044K, reserved 1048576K
}
Event: 17243.487 GC heap after
{Heap after GC invocations=187 (full 1):
 garbage-first heap   total 293888K, used 123437K [0x0000000080000000, 0x0000000100000000)
  region size 1024K, 2 young (2048K), 2 survivors (2048K)
 Metaspace       used 135803K, capacity 140587K, committed 142548K, reserved 1173504K
  class space    used 16829K, capacity 18481K, committed 19044K, reserved 1048576K
}
Event: 17243.817 GC heap before
{Heap before GC invocations=188 (full 1):
 garbage-first heap   total 293888K, used 202285K [0x0000000080000000, 0x0000000100000000)
  region size 1024K, 76 young (77824K), 2 survivors (2048K)
 Metaspace       used 135862K, capacity 140656K, committed 142548K, reserved 1173504K
  class space    used 16829K, capacity 18482K, committed 19044K, reserved 1048576K
}
Event: 17243.826 GC heap after
{Heap after GC invocations=189 (full 1):
 garbage-first heap   total 293888K, used 130332K [0x0000000080000000, 0x0000000100000000)
  region size 1024K, 6 young (6144K), 6 survivors (6144K)
 Metaspace       used 135862K, capacity 140656K, committed 142548K, reserved 1173504K
  class space    used 16829K, capacity 18482K, committed 19044K, reserved 1048576K
}
Event: 17243.872 GC heap before
{Heap before GC invocations=189 (full 1):
 garbage-first heap   total 293888K, used 137500K [0x0000000080000000, 0x0000000100000000)
  region size 1024K, 14 young (14336K), 6 survivors (6144K)
 Metaspace       used 135961K, capacity 140723K, committed 142548K, reserved 1173504K
  class space    used 16830K, capacity 18483K, committed 19044K, reserved 1048576K
}
Event: 17243.876 GC heap after
{Heap after GC invocations=190 (full 1):
 garbage-first heap   total 293888K, used 119261K [0x0000000080000000, 0x0000000100000000)
  region size 1024K, 2 young (2048K), 2 survivors (2048K)
 Metaspace       used 135961K, capacity 140723K, committed 142548K, reserved 1173504K
  class space    used 16830K, capacity 18483K, committed 19044K, reserved 1048576K
}
Event: 17243.943 GC heap before
{Heap before GC invocations=190 (full 1):
 garbage-first heap   total 293888K, used 131549K [0x0000000080000000, 0x0000000100000000)
  region size 1024K, 16 young (16384K), 2 survivors (2048K)
 Metaspace       used 135961K, capacity 140723K, committed 142548K, reserved 1173504K
  class space    used 16830K, capacity 18483K, committed 19044K, reserved 1048576K
}
Event: 17243.954 GC heap after
{Heap after GC invocations=191 (full 1):
 garbage-first heap   total 293888K, used 123566K [0x0000000080000000, 0x0000000100000000)
  region size 1024K, 7 young (7168K), 7 survivors (7168K)
 Metaspace       used 135961K, capacity 140723K, committed 142548K, reserved 1173504K
  class space    used 16830K, capacity 18483K, committed 19044K, reserved 1048576K
}
Event: 17399.682 GC heap before
{Heap before GC invocations=192 (full 1):
 garbage-first heap   total 293888K, used 208558K [0x0000000080000000, 0x0000000100000000)
  region size 1024K, 84 young (86016K), 7 survivors (7168K)
 Metaspace       used 136032K, capacity 140808K, committed 142548K, reserved 1173504K
  class space    used 16833K, capacity 18489K, committed 19044K, reserved 1048576K
}
Event: 17399.690 GC heap after
{Heap after GC invocations=193 (full 1):
 garbage-first heap   total 293888K, used 123083K [0x0000000080000000, 0x0000000100000000)
  region size 1024K, 6 young (6144K), 6 survivors (6144K)
 Metaspace       used 136032K, capacity 140808K, committed 142548K, reserved 1173504K
  class space    used 16833K, capacity 18489K, committed 19044K, reserved 1048576K
}
Event: 19823.921 GC heap before
{Heap before GC invocations=193 (full 1):
 garbage-first heap   total 293888K, used 207051K [0x0000000080000000, 0x0000000100000000)
  region size 1024K, 89 young (91136K), 6 survivors (6144K)
 Metaspace       used 136067K, capacity 140853K, committed 142548K, reserved 1173504K
  class space    used 16842K, capacity 18504K, committed 19044K, reserved 1048576K
}
Event: 19823.927 GC heap after
{Heap after GC invocations=194 (full 1):
 garbage-first heap   total 293888K, used 118152K [0x0000000080000000, 0x0000000100000000)
  region size 1024K, 1 young (1024K), 1 survivors (1024K)
 Metaspace       used 136067K, capacity 140853K, committed 142548K, reserved 1173504K
  class space    used 16842K, capacity 18504K, committed 19044K, reserved 1048576K
}
Event: 23114.307 GC heap before
{Heap before GC invocations=195 (full 1):
 garbage-first heap   total 293888K, used 212360K [0x0000000080000000, 0x0000000100000000)
  region size 1024K, 94 young (96256K), 1 survivors (1024K)
 Metaspace       used 132287K, capacity 136100K, committed 142548K, reserved 1173504K
  class space    used 16290K, capacity 17687K, committed 19044K, reserved 1048576K
}
Event: 23114.343 GC heap after
{Heap after GC invocations=196 (full 1):
 garbage-first heap   total 293888K, used 115870K [0x0000000080000000, 0x0000000100000000)
  region size 1024K, 3 young (3072K), 3 survivors (3072K)
 Metaspace       used 132287K, capacity 136100K, committed 142548K, reserved 1173504K
  class space    used 16290K, capacity 17687K, committed 19044K, reserved 1048576K
}

